<?xml version="1.0" encoding="UTF-8"?>
<testsuite name="com.fdp.fdpplayer4unityb.ExampleUnitTest" tests="1" skipped="0" failures="0" errors="0" timestamp="2020-05-26T07:31:40" hostname="DESKTOP-GU7F7SE" time="0.001">
  <properties/>
  <testcase name="addition_isCorrect" classname="com.fdp.fdpplayer4unityb.ExampleUnitTest" time="0.001"/>
  <system-out><![CDATA[]]></system-out>
  <system-err><![CDATA[]]></system-err>
</testsuite>
